function,
20835.740
13202.106
12229.590
12229.590
12229.590
12229.590
10595.328
10595.328
10595.328
10595.328
10595.328
10595.328
10595.328
10595.328
10595.328
10595.328
10595.328
10595.328
10595.328
10595.328
10595.328
10595.328
10595.328
10595.328
10595.328
10595.328
10595.328
10595.328
10595.328
10595.328
10595.328
10595.328
10595.328
10595.328
10595.328
10595.328
10595.328
10595.328
10595.328
10595.328
10595.328
10595.328
10595.328
10595.328
10595.328
10595.328
10595.328
8429.032
8429.032
8429.032
8429.032
8429.032
8429.032
8327.423
8327.423
8327.423
8327.423
8327.423
8327.423
6287.246
6287.246
6287.246
6287.246
4538.533
4538.533
4538.533
4538.533
4538.533
4195.327
4195.327
4092.527
4092.527
4092.527
4092.527
4092.527
4092.527
4092.527
3213.514
3213.514
3079.566
2554.763
2484.728
2484.728
2484.728
2484.728
2484.728
2484.728
2484.728
2484.728
2484.728
2484.728
2484.728
2484.728
2484.728
2484.728
2484.728
2484.728
2484.728
2484.728
2484.728
2484.728
2484.728
2484.728
2484.728
2484.728
2484.728
2484.728
2484.728
2484.728
2484.728
2484.728
2484.728
2484.728
2484.728
2484.728
2484.728
2484.728
2222.457
2067.565
2067.565
2067.565
2067.565
2067.565
2028.467
1950.251
1950.251
1950.251
1950.251
1950.251
1950.251
1950.251
1780.116
1780.116
1780.116
1780.116
1780.116
1780.116
1780.116
1703.604
1703.604
1703.604
1703.604
1703.604
1703.604
1484.711
1484.711
1484.711
1484.711
1484.711
1484.711
1484.711
1484.711
1484.711
1484.711
1484.711
1484.711
1484.711
1484.711
1484.711
1484.711
1484.711
1484.711
1484.711
1484.711
1484.711
1484.711
1484.711
1484.711
1484.711
1484.711
1484.711
1484.711
1484.711
1484.711
1484.711
1484.711
1484.711
1484.711
1484.711
1484.711
1484.711
1484.711
1484.711
1484.711
1484.711
1484.711
1484.711
1484.711
1484.711
1484.711
1484.711
1484.711
1484.711
1484.711
1484.711
1484.711
1484.711
1484.711
1484.711
1484.711
1484.711
1484.711
1484.711
1484.711
1484.711
1484.711
1484.711
1484.711
1484.711
1484.711
1484.711
1484.711
1484.711
1484.711
1484.711
1484.502
1484.502
1484.502
1484.502
1484.502
1481.141
1481.141
1481.141
1481.141
1481.141
1481.141
1481.141
1481.141
1481.141
1481.141
1481.141
1481.141
1481.141
1481.141
1481.141
1431.095
1431.095
1431.095
1431.095
1431.095
1431.095
1431.095
1431.095
1431.095
1431.095
1431.095
1431.095
1431.095
1418.252
1418.252
1418.252
1418.252
1418.252
1418.252
1418.252
1418.252
1418.252
1418.252
1418.252
1418.252
1418.252
1418.252
1418.252
1418.252
1418.252
1418.252
1418.252
1418.252
1418.252
1418.252
1418.252
1418.252
1418.252
1418.252
1418.252
1418.252
1418.252
1418.252
1418.252
1418.252
1418.252
1418.252
1418.252
1418.252
1418.252
1418.252
1418.252
1418.252
1418.252
1418.252
1418.252
1418.252
1418.252
1418.252
1418.252
1418.252
1418.252
1418.252
1418.252
1418.252
1418.252
1418.252
1418.252
1418.252
1418.252
1418.252
1418.252
1418.252
1418.252
1418.252
1418.252
1418.252
1418.252
1418.252
1418.252
1418.252
1418.252
1418.252
1418.252
1408.253
1408.253
1408.253
1408.253
1408.253
1408.253
1408.253
1408.253
1408.253
1408.253
1408.253
1408.253
1408.253
1408.253
1408.253
1408.253
1402.937
1402.937
1402.937
1395.127
1395.127
1395.127
1366.238
1366.238
1366.238
1366.238
1299.602
1299.602
1299.602
1294.031
1268.698
1268.698
1253.088
1253.088
1253.088
1253.088
1253.088
1253.088
1253.088
1251.937
1251.937
1251.937
1251.937
1251.937
1241.972
1223.820
1223.820
1216.721
1216.721
1189.877
1189.877
1189.877
1189.877
1189.877
1189.877
1184.609
1163.968
1163.968
1163.968
1163.968
1163.968
1163.968
1163.968
1163.968
1163.968
1163.968
1163.968
1163.968
1163.968
1163.968
1123.524
1123.524
1123.524
1123.524
1123.524
1123.524
1123.524
1123.524
1123.524
1123.524
1120.944
1120.944
1120.944
1120.944
1120.944
1120.944
1120.944
1120.944
1120.944
1120.944
1120.944
1120.944
1120.944
1120.944
1120.944
1120.944
1120.944
1120.944
1120.944
1120.944
1120.944
1120.944
1120.944
1120.944
1120.944
1120.944
1120.944
1120.944
1120.944
1120.944
1120.944
1120.944
1120.944
1120.944
1120.944
1120.944
1120.944
1120.944
1120.944
1120.944
1120.944
1120.944
1120.944
1120.944
1120.944
1120.944
1120.944
1120.944
1120.944
1120.944
1120.944
1120.944
1120.944
1120.944
1120.944
1120.944
1120.944
1120.944
1120.944
1120.944
1120.944
1120.944
1120.944
1120.944
1120.944
1120.944
1120.944
1120.944
1120.944
1120.944
1120.944
1120.944
1120.944
1120.944
1120.944
1120.944
1120.944
1120.944
1120.944
1120.944
1120.944
1120.944
1120.944
1120.944
1120.944
1120.944
1120.944
1120.944
1120.944
1120.944
1120.944
1120.944
1120.944
1120.944
1120.726
1120.726
1120.726
1120.726
1120.726
1120.726
1120.726
1120.726
1120.726
1120.726
1120.726
1120.726
1120.726
1120.726
1120.726
1120.726
1120.726
1120.726
1120.726
1120.726
1120.726
1120.726
1120.726
1120.726
1120.726
1120.726
1120.726
1120.726
1120.726
1120.726
1120.726
1120.726
1120.726
1120.726
1120.726
1120.726
1120.726
1120.726
1120.726
1120.726
1120.726
1120.726
1120.726
1120.726
1120.726
1120.726
1120.726
1120.726
1120.726
1120.726
1120.726
1120.726
1120.726
1120.726
1120.726
1120.726
1120.726
1120.726
1120.726
1120.726
1120.726
1120.726
1120.726
1120.726
1120.726
1120.726
1120.726
1120.726
1120.726
1120.726
1120.726
1120.726
1120.726
1120.726
1120.726
1120.726
1120.726
1120.726
1120.726
1120.726
1120.726
1120.726
1120.726
1120.726
1120.726
1120.726
1120.726
1120.726
1120.726
1120.726
1120.726
1120.726
1120.726
1120.726
1120.726
1120.726
1120.726
1120.726
1117.244
1117.244
1117.244
1117.244
1117.244
1117.244
1117.244
1117.244
1117.244
1117.244
1117.244
1117.244
1117.244
1117.244
1117.244
1117.244
1117.244
1117.244
1117.244
1117.244
1117.244
1117.244
1117.244
1117.244
1117.244
1117.244
1117.244
1117.244
1117.244
1117.244
1117.244
1117.244
1117.244
1117.244
1117.244
1117.244
1117.244
1117.244
1117.244
1117.244
1117.244
1117.244
1117.244
1117.244
1117.244
1117.244
1117.244
1117.244
1117.244
1117.244
1117.244
1117.244
1117.244
1117.244
1117.244
1117.244
1117.244
1117.244
1117.244
1117.244
1117.244
1117.244
1117.244
1117.244
1117.244
1117.244
1117.244
1117.244
1117.244
1117.244
1117.244
1117.244
1117.244
1117.244
1117.244
1117.244
1117.244
1117.244
1117.244
1117.244
1117.244
1117.244
1117.244
1117.244
1117.244
1117.244
1117.244
1117.244
1117.244
1117.244
1117.244
1117.244
1117.244
1117.244
1117.244
1117.244
1117.244
1117.244
1117.244
1117.244
1117.244
1117.244
1117.244
1117.244
1117.244
1117.244
1117.244
1117.244
1117.244
1117.244
1117.244
1117.244
1117.244
1117.244
1117.244
1117.244
1117.244
1117.244
1117.244
1117.244
1117.244
1117.244
1117.244
1117.244
1117.244
1117.244
1117.244
1117.244
1117.244
1117.244
1117.244
1117.244
1117.244
1117.244
1117.244
1117.244
1117.244
1117.244
1117.244
1117.244
1117.244
1117.244
1117.244
1117.244
1117.244
1117.244
1117.244
1117.244
1117.244
1117.244
1117.244
1117.244
1117.244
1117.244
1117.244
1117.244
1117.244
1117.244
1117.244
1117.244
1117.244
1117.244
1117.244
1117.244
1117.244
1117.244
1117.244
1117.244
1117.244
1117.244
1117.244
1117.244
1117.244
1117.244
1117.244
1117.244
1117.244
1117.244
1117.244
1117.244
1117.244
1117.244
1117.244
1117.244
1117.244
1117.244
1117.244
1117.244
1117.244
1117.244
1117.244
1117.244
1117.244
1117.244
1117.244
1117.244
1117.244
1117.244
1117.244
1117.244
1117.244
1117.244
1117.244
1117.244
1117.244
1117.244
1117.244
1117.244
1117.244
1117.244
1117.244
1117.244
1117.244
1117.244
1117.244
1117.244
1117.244
1117.244
1117.244
1117.244
1117.244
1117.244
1117.244
1117.244
1117.244
1117.244
1117.244
1117.244
1117.244
1117.244
1117.244
1117.244
1117.244
1117.244
1117.244
1117.244
1117.244
1117.244
1117.244
1117.244
1117.244
1117.014
1117.014
1117.014
1117.014
1117.014
1117.014
1116.752
1116.752
1116.752
1116.752
1116.752
1116.752
1116.752
1116.752
1116.752
1116.752
1116.752
1116.752
1116.752
1116.752
1116.752
1116.752
1116.752
1116.752
1116.752
1116.752
1116.752
1116.752
1116.752
1116.752
1116.752
1116.752
1116.752
1116.752
1116.752
1116.752
1116.752
1116.752
1116.752
1116.752
1116.752
1116.752
1116.752
1116.752
1116.752
1116.752
1116.752
1116.752
1116.752
1116.752
1116.752
1116.752
1116.752
1116.752
1116.752
1116.752
1116.752
1116.752
1116.752
1116.752
1116.752
1116.752
1116.752
1116.752
1116.752
1116.752
1116.752
1116.752
1116.752
1116.752
1116.752
1116.752
1116.752
1116.752
1116.752
1116.752
1116.752
1116.752
1116.752
1116.752
1116.752
1116.752
1116.752
1116.752
1116.752
1116.752
1116.752
1116.752
1106.374
1106.374
1106.374
1106.374
1106.374
1106.374
1106.374
1106.374
1106.374
1106.374
1106.374
1106.374
1106.374
1106.374
1104.869
1104.869
1104.675
1104.675
1104.675
1104.675
1104.675
1104.675
1104.675
1104.675
1102.252
1102.252
1102.252
1102.252
1102.252
1102.252
1102.252
1102.252
1102.252
1094.619
1094.619
1094.619
1094.619
1094.619
1094.619
1094.619
1094.619
1094.619
1094.619
1094.619
1094.619
1094.619
1094.619
1094.619
1094.619
1094.619
1094.619
1094.619
1094.619
1094.619
1094.619
1094.619
1082.464
1082.464
1082.464
1082.464
1082.464
1082.464
1082.464
1082.464
1082.463
1082.463
1082.463
1082.463
1082.463
1082.463
1082.463
1082.463
1072.066
1072.066
1072.066
1072.066
1072.066
1072.066
1072.066
1072.066
1072.066
1072.066
1072.066
1072.066
1072.066
1072.066
1072.066
1072.066
1072.066
1072.066
1072.066
1072.066
1072.066
1072.066
1072.066
1072.066
1072.066
1072.066
1072.066
1072.066
1072.066
1072.066
1072.066
1072.066
1072.066
1072.066
1072.066
1072.066
1072.066
1072.066
1072.066
1072.066
1072.066
1072.066
1072.066
1072.066
1072.066
1072.066
1072.066
1072.066
1072.066
1072.066
1072.066
1072.066
1072.066
1072.066
1072.066
1072.066
1072.066
1072.066
1072.066
1072.066
1072.066
1072.066
1072.066
1072.066
1072.066
1072.066
1072.066
1072.066
1072.066
1069.643
1069.643
1069.643
1069.643
1069.643
1069.643
1069.643
1069.643
1069.643
1069.643
1069.643
1069.643
1069.643
1069.643
1069.643
1069.643
1069.643
1069.643
1069.643
1069.643
1069.643
1069.643
1069.643
1069.643
1069.643
1069.643
1069.643
1069.643
1069.643
1069.643
1069.643
1069.643
1069.643
1069.643
1069.643
1069.643
1069.643
1069.643
1069.643
1069.643
1069.643
1069.643
1069.643
1069.643
1069.643
1069.643
1069.643
1069.643
1069.643
1069.643
1069.643
1069.643
1069.643
1069.643
1069.643
1069.643
1069.643
1069.643
1069.643
1069.643
1069.643
1069.643
1069.643
1069.643
1069.643
1069.643
1069.643
1069.643
1069.643
1069.643
1069.643
1069.643
1069.643
1069.643
1069.643
1069.643
1069.643
1069.643
1069.643
1069.643
1069.643
1069.643
1069.643
1069.643
1069.643
1069.643
1069.643
1069.643
1069.643
1069.643
1069.643
1069.643
1069.643
1069.643
1069.643
1069.643
1069.643
1069.643
1069.643
1069.643
1069.643
1069.643
1069.643
1069.643
1069.643
1069.643
1069.643
1069.643
1069.643
1069.643
1069.643
1069.643
1069.643
1069.643
1066.954
1066.954
1066.954
1066.954
1066.954
1066.954
1066.954
1066.954
1066.954
1066.954
1066.954
1066.954
1066.954
1066.954
1066.954
1066.954
1066.954
1066.954
1066.954
1066.954
1066.954
1066.954
1066.954
1066.954
1066.954
1066.954
1066.954
1066.954
1066.954
1066.954
1066.954
1066.954
1066.954
1066.954
1066.954
1066.954
1066.954
1066.954
1066.954
1066.954
1066.954
1066.954
1066.954
1066.954
1066.954
1066.954
1066.954
1066.954
1066.954
1066.954
1066.954
1066.954
1066.954
1066.954
1066.954
1066.954
1066.954
1066.954
1066.954
1066.954
1066.954
1066.954
1066.954
1066.954
1066.954
1066.954
1066.954
1066.954
1066.954
1066.954
1066.954
1066.954
1066.954
1066.954
1066.954
1066.954
1066.954
1066.954
1066.954
1066.954
1066.954
1066.954
1066.954
1066.954
1066.954
1066.954
1066.954
1066.954
1066.954
1066.954
1066.954
1066.954
1066.954
1066.954
1066.954
1066.954
1066.954
1066.954
1066.954
1066.954
1066.954
1066.954
1066.954
1066.954
1066.954
1066.954
1066.954
1066.954
1066.954
1066.954
1066.954
1066.954
1066.954
1066.954
1066.954
1066.954
1066.954
1066.954
1066.954
1066.954
1066.954
1066.954
1066.954
1066.954
1066.954
1066.954
1066.954
1066.954
1066.954
1066.954
1066.954
1066.954
1066.954
1066.954
1066.954
1066.954
1066.954
1066.954
1066.954
1066.954
1066.954
1066.954
1066.954
1066.954
1066.954
1066.954
1066.954
1066.954
1066.954
1066.954
1066.954
1066.954
1066.954
1066.954
1066.954
1066.954
1066.954
1066.954
1066.954
1066.954
1066.954
1066.954
1066.954
1066.954
1066.954
1066.954
1066.954
1066.954
1066.954
1066.954
1066.954
1066.954
1066.954
1066.954
1066.954
1066.954
1066.954
1066.954
1066.954
1066.954
1066.954
1066.954
1066.954
1066.954
1066.954
1066.954
1066.954
1066.954
1066.954
1066.954
1066.954
1066.954
1066.954
1066.954
1066.954
1066.954
1066.954
1066.954
1066.954
1066.954
1066.954
1066.954
1066.954
1066.954
1066.954
1066.954
1066.954
1066.954
1066.954
1066.954
1066.954
1066.954
1066.954
1066.954
1066.954
1066.954
1066.954
1066.954
1066.954
1066.954
1066.954
1066.954
1066.954
1066.954
1066.954
1066.954
1066.954
1066.954
1066.954
1066.954
1066.954
1066.954
1066.954
1066.954
1066.954
1066.954
1066.954
1066.954
1066.954
1066.954
1066.954
1066.954
1066.954
1066.954
1066.954
1066.954
1066.954
1066.954
1066.954
1066.954
1066.954
1066.954
1066.954
1066.954
1066.954
1066.954
1066.954
1066.954
1066.954
1066.954
1066.954
1066.954
1066.954
1066.954
1066.954
1066.954
1066.954
1066.954
1066.954
1066.954
1066.954
1066.954
1066.954
1066.954
1066.954
1066.954
1066.954
1066.954
1066.954
1066.954
1066.954
1066.954
1066.954
1066.954
1066.954
1066.954
1066.954
1066.954
1066.954
1066.954
1066.954
1066.954
1066.954
1066.954
1066.954
1066.954
1066.954
1066.954
1066.954
1066.954
1066.954
1066.954
1066.954
1066.954
1066.954
1066.954
1066.954
1066.954
1066.954
1066.954
1066.954
1066.954
1066.954
