28579.007
28579.007
28579.007
28579.007
28579.007
28579.007
28579.007
28579.007
28579.007
8986.923
8986.923
8986.923
8986.923
8986.923
8986.923
8986.923
8986.923
8986.923
8986.923
8986.923
8986.923
8986.923
8986.923
8986.923
8986.923
8986.923
8986.923
8986.923
8986.923
8986.923
8986.923
8986.923
8986.923
8986.923
8986.923
8986.923
8986.923
8986.923
8986.923
8986.923
8986.923
8986.923
8986.923
8986.923
8986.923
8986.923
8986.923
8986.923
8986.923
8986.923
8986.923
8986.923
8986.923
8986.923
8986.923
8986.923
8986.923
8986.923
8986.923
8986.923
8986.923
8986.923
8986.923
8986.923
8986.923
8986.923
8986.923
8986.923
8986.923
8986.923
8986.923
8986.923
8986.923
8986.923
8986.923
8986.923
8986.923
8986.923
8986.923
8986.923
8986.923
8986.923
8986.923
8986.923
8986.923
8986.923
8986.923
8986.923
8986.923
8986.923
8986.923
8986.923
8986.923
8986.923
8986.923
8986.923
8986.923
8986.923
8986.923
8986.923
8986.923
8986.923
8986.923
8986.923
8986.923
8986.923
8986.923
8986.923
8986.923
8986.923
8986.923
8986.923
8986.923
8986.923
8986.923
8986.923
8986.923
8986.923
8986.923
8986.923
8986.923
8986.923
8986.923
8986.923
8986.923
8986.923
8986.923
8986.923
8986.923
8986.923
8986.923
8293.236
8293.236
8293.236
8293.236
8293.236
8293.236
8293.236
8293.236
8293.236
8293.236
8293.236
8293.236
8293.236
8293.236
8293.236
8293.236
8293.236
8293.236
8293.236
8293.236
8293.236
8293.236
7836.841
7836.841
7836.841
7836.841
7836.841
7705.775
7705.775
7705.775
7705.775
7705.775
7705.775
7705.775
7705.775
7705.775
7705.775
7705.775
7705.775
7705.775
7705.775
7705.775
7705.775
7705.775
7450.869
7450.869
7450.869
7450.869
7450.869
7450.869
7450.869
7450.869
7450.869
7450.869
7450.869
7450.869
7450.869
7450.869
7052.198
7052.198
7052.198
7052.198
7052.198
7052.198
7052.198
7052.198
7052.198
7052.198
7052.198
7052.198
7052.198
7052.198
7033.883
7033.883
6968.462
6927.075
6927.075
6927.075
6927.075
6927.075
6927.075
6927.075
6927.075
6927.075
6927.075
6927.075
6927.075
6927.075
6927.075
6927.075
6927.075
6927.075
6927.075
6927.075
6927.075
6927.075
6927.075
6927.075
6927.075
6927.075
6927.075
6927.075
6927.075
6927.075
6927.075
6880.543
6880.543
6880.543
6880.543
6880.543
6880.543
6880.543
6880.543
6880.543
6880.543
6880.543
6880.543
6824.165
6824.165
6824.165
6824.165
6824.165
6824.165
6824.165
6824.165
6824.165
6824.165
6824.165
6824.165
6824.165
6824.165
6824.165
6824.165
6824.165
6824.165
6824.165
6824.165
6824.165
6824.165
6824.165
6824.165
6824.165
6824.165
6824.165
6824.165
6824.165
6824.165
6824.165
6824.165
6824.165
6824.165
6824.165
6824.165
6824.165
6824.165
6824.165
6824.165
6824.165
6824.165
6824.165
6824.165
6824.165
6824.165
6824.165
6824.165
6824.165
6824.165
6824.165
6824.165
6824.165
6824.165
6824.165
6824.165
6824.165
6824.165
6824.165
6824.165
6824.165
6824.165
6824.165
6824.165
6824.165
6824.165
6824.165
6824.165
6824.165
6824.165
6824.165
6824.165
6824.165
6824.165
6824.165
6802.044
6802.044
6802.044
6802.044
6802.044
6802.044
6802.044
6802.044
6802.044
6802.044
6802.044
6802.044
6802.044
6802.044
6802.044
6802.044
6802.044
6802.044
6802.044
6802.044
6802.044
6802.044
6802.044
6802.044
6802.044
6802.044
6802.044
6802.044
6802.044
6802.044
6802.044
6802.044
6802.044
6802.044
6802.044
6802.044
6802.044
6802.044
6802.044
6802.044
6802.044
6802.044
6802.044
6802.044
6802.044
6802.044
6802.044
6802.044
6802.044
6802.044
6802.044
6802.044
6802.044
6802.044
6802.044
6802.044
6802.044
6797.293
6797.293
6797.293
6797.293
6797.293
6797.293
6797.293
6797.293
6797.293
6797.293
6797.293
6797.293
6797.293
6797.293
6797.293
6797.293
6797.293
6797.293
6797.293
6797.293
6797.293
6797.293
6797.293
6797.293
6793.07
6793.07
6793.07
6793.07
6793.07
6793.07
6793.07
6793.07
6793.07
6793.07
6793.07
6793.07
6793.07
6793.07
6793.07
6793.07
6793.07
6793.07
6793.07
6793.07
6793.07
6793.07
6793.07
6793.07
6793.07
6793.07
6793.07
6793.07
6793.07
6793.07
6793.07
6793.07
6793.07
6793.07
6793.07
6793.07
6793.07
6793.07
6793.07
6793.07
6793.07
6793.07
6793.07
6793.07
6793.07
6793.07
6793.07
6793.07
6793.07
6793.07
6793.07
6793.07
6793.07
6793.07
6793.07
6793.07
6793.07
6793.07
6793.07
6793.07
6793.07
6791.181
6791.181
6791.181
6791.181
6772.26
6772.26
6772.26
6772.26
6772.26
6772.26
6772.26
6772.26
6772.26
6772.26
6772.26
6772.26
6772.26
6769.684
6769.684
6769.684
6769.684
6769.684
6769.684
6769.684
6769.684
6769.684
6769.684
6769.684
6769.684
6769.684
6769.684
6769.684
6769.684
6769.684
6769.684
6769.684
6769.684
6769.684
6769.684
6769.684
6769.684
6769.684
6769.684
6769.684
6769.684
6769.684
6769.684
6769.684
6769.684
6769.684
6769.684
6769.684
6769.684
6769.684
6769.684
6769.684
6769.684
6769.684
6769.684
6769.684
6769.684
6769.684
6769.684
6769.684
6769.684
6769.684
6769.684
6769.684
6769.684
6769.684
6769.684
6769.684
6769.684
6769.684
6769.684
6769.684
6769.684
6769.684
6769.684
6769.684
6769.684
6769.684
6769.684
6769.684
6769.684
6769.684
6769.684
6769.684
6769.684
6769.684
6769.684
6769.684
6769.684
6769.684
6769.684
6769.684
6769.684
6769.684
6769.684
6769.684
6769.684
6769.684
6769.684
6769.684
6769.684
6769.684
6769.684
6769.684
6769.684
6769.684
6769.684
6769.684
6769.684
6769.684
6769.684
6769.684
6769.684
6769.684
6769.684
6769.684
6769.684
6769.684
6769.684
6769.684
6769.684
6769.684
6769.684
6769.684
6769.684
6769.684
6769.684
6769.684
6769.684
6769.684
6769.684
